<?xml version="1.0" encoding="UTF-8"?>
<testsuite xmlns:xsi="http://www.w3.org/2001/XMLSchema-instance" xsi:noNamespaceSchemaLocation="https://maven.apache.org/surefire/maven-surefire-plugin/xsd/surefire-test-report.xsd" name="arki.springboot.elasticsearch.espractice.EsPracticeApplicationTests" time="1.252" tests="2" errors="0" skipped="0" failures="0">
  <properties>
    <property name="java.specification.version" value="17"/>
    <property name="sun.jnu.encoding" value="UTF-8"/>
    <property name="java.class.path" value="/Users/beita/Documents/IdeaProjects/SpringBoot/ES-practice/target/test-classes:/Users/beita/Documents/IdeaProjects/SpringBoot/ES-practice/target/classes:/Users/beita/Desktop/myJava/maven/org/springframework/boot/spring-boot-starter/2.2.5.RELEASE/spring-boot-starter-2.2.5.RELEASE.jar:/Users/beita/Desktop/myJava/maven/org/springframework/boot/spring-boot/2.2.5.RELEASE/spring-boot-2.2.5.RELEASE.jar:/Users/beita/Desktop/myJava/maven/org/springframework/spring-context/5.2.4.RELEASE/spring-context-5.2.4.RELEASE.jar:/Users/beita/Desktop/myJava/maven/org/springframework/boot/spring-boot-autoconfigure/2.2.5.RELEASE/spring-boot-autoconfigure-2.2.5.RELEASE.jar:/Users/beita/Desktop/myJava/maven/org/springframework/boot/spring-boot-starter-logging/2.2.5.RELEASE/spring-boot-starter-logging-2.2.5.RELEASE.jar:/Users/beita/Desktop/myJava/maven/ch/qos/logback/logback-classic/1.2.3/logback-classic-1.2.3.jar:/Users/beita/Desktop/myJava/maven/ch/qos/logback/logback-core/1.2.3/logback-core-1.2.3.jar:/Users/beita/Desktop/myJava/maven/org/apache/logging/log4j/log4j-to-slf4j/2.12.1/log4j-to-slf4j-2.12.1.jar:/Users/beita/Desktop/myJava/maven/org/apache/logging/log4j/log4j-api/2.12.1/log4j-api-2.12.1.jar:/Users/beita/Desktop/myJava/maven/org/slf4j/jul-to-slf4j/1.7.30/jul-to-slf4j-1.7.30.jar:/Users/beita/Desktop/myJava/maven/jakarta/annotation/jakarta.annotation-api/1.3.5/jakarta.annotation-api-1.3.5.jar:/Users/beita/Desktop/myJava/maven/org/springframework/spring-core/5.2.4.RELEASE/spring-core-5.2.4.RELEASE.jar:/Users/beita/Desktop/myJava/maven/org/springframework/spring-jcl/5.2.4.RELEASE/spring-jcl-5.2.4.RELEASE.jar:/Users/beita/Desktop/myJava/maven/org/yaml/snakeyaml/1.25/snakeyaml-1.25.jar:/Users/beita/Desktop/myJava/maven/org/springframework/boot/spring-boot-starter-test/2.2.5.RELEASE/spring-boot-starter-test-2.2.5.RELEASE.jar:/Users/beita/Desktop/myJava/maven/org/springframework/boot/spring-boot-test/2.2.5.RELEASE/spring-boot-test-2.2.5.RELEASE.jar:/Users/beita/Desktop/myJava/maven/org/springframework/boot/spring-boot-test-autoconfigure/2.2.5.RELEASE/spring-boot-test-autoconfigure-2.2.5.RELEASE.jar:/Users/beita/Desktop/myJava/maven/com/jayway/jsonpath/json-path/2.4.0/json-path-2.4.0.jar:/Users/beita/Desktop/myJava/maven/net/minidev/json-smart/2.3/json-smart-2.3.jar:/Users/beita/Desktop/myJava/maven/net/minidev/accessors-smart/1.2/accessors-smart-1.2.jar:/Users/beita/Desktop/myJava/maven/org/ow2/asm/asm/5.0.4/asm-5.0.4.jar:/Users/beita/Desktop/myJava/maven/org/slf4j/slf4j-api/1.7.30/slf4j-api-1.7.30.jar:/Users/beita/Desktop/myJava/maven/jakarta/xml/bind/jakarta.xml.bind-api/2.3.2/jakarta.xml.bind-api-2.3.2.jar:/Users/beita/Desktop/myJava/maven/jakarta/activation/jakarta.activation-api/1.2.2/jakarta.activation-api-1.2.2.jar:/Users/beita/Desktop/myJava/maven/org/junit/jupiter/junit-jupiter/5.5.2/junit-jupiter-5.5.2.jar:/Users/beita/Desktop/myJava/maven/org/junit/jupiter/junit-jupiter-api/5.5.2/junit-jupiter-api-5.5.2.jar:/Users/beita/Desktop/myJava/maven/org/opentest4j/opentest4j/1.2.0/opentest4j-1.2.0.jar:/Users/beita/Desktop/myJava/maven/org/junit/platform/junit-platform-commons/1.5.2/junit-platform-commons-1.5.2.jar:/Users/beita/Desktop/myJava/maven/org/junit/jupiter/junit-jupiter-params/5.5.2/junit-jupiter-params-5.5.2.jar:/Users/beita/Desktop/myJava/maven/org/junit/jupiter/junit-jupiter-engine/5.5.2/junit-jupiter-engine-5.5.2.jar:/Users/beita/Desktop/myJava/maven/org/junit/vintage/junit-vintage-engine/5.5.2/junit-vintage-engine-5.5.2.jar:/Users/beita/Desktop/myJava/maven/org/apiguardian/apiguardian-api/1.1.0/apiguardian-api-1.1.0.jar:/Users/beita/Desktop/myJava/maven/org/junit/platform/junit-platform-engine/1.5.2/junit-platform-engine-1.5.2.jar:/Users/beita/Desktop/myJava/maven/junit/junit/4.12/junit-4.12.jar:/Users/beita/Desktop/myJava/maven/org/mockito/mockito-junit-jupiter/3.1.0/mockito-junit-jupiter-3.1.0.jar:/Users/beita/Desktop/myJava/maven/org/assertj/assertj-core/3.13.2/assertj-core-3.13.2.jar:/Users/beita/Desktop/myJava/maven/org/hamcrest/hamcrest/2.1/hamcrest-2.1.jar:/Users/beita/Desktop/myJava/maven/org/mockito/mockito-core/3.1.0/mockito-core-3.1.0.jar:/Users/beita/Desktop/myJava/maven/net/bytebuddy/byte-buddy/1.10.8/byte-buddy-1.10.8.jar:/Users/beita/Desktop/myJava/maven/net/bytebuddy/byte-buddy-agent/1.10.8/byte-buddy-agent-1.10.8.jar:/Users/beita/Desktop/myJava/maven/org/objenesis/objenesis/2.6/objenesis-2.6.jar:/Users/beita/Desktop/myJava/maven/org/skyscreamer/jsonassert/1.5.0/jsonassert-1.5.0.jar:/Users/beita/Desktop/myJava/maven/com/vaadin/external/google/android-json/0.0.20131108.vaadin1/android-json-0.0.20131108.vaadin1.jar:/Users/beita/Desktop/myJava/maven/org/springframework/spring-test/5.2.4.RELEASE/spring-test-5.2.4.RELEASE.jar:/Users/beita/Desktop/myJava/maven/org/xmlunit/xmlunit-core/2.6.3/xmlunit-core-2.6.3.jar:/Users/beita/Desktop/myJava/maven/org/springframework/boot/spring-boot-starter-web/2.2.5.RELEASE/spring-boot-starter-web-2.2.5.RELEASE.jar:/Users/beita/Desktop/myJava/maven/org/springframework/boot/spring-boot-starter-json/2.2.5.RELEASE/spring-boot-starter-json-2.2.5.RELEASE.jar:/Users/beita/Desktop/myJava/maven/com/fasterxml/jackson/core/jackson-databind/2.10.2/jackson-databind-2.10.2.jar:/Users/beita/Desktop/myJava/maven/com/fasterxml/jackson/core/jackson-annotations/2.10.2/jackson-annotations-2.10.2.jar:/Users/beita/Desktop/myJava/maven/com/fasterxml/jackson/datatype/jackson-datatype-jdk8/2.10.2/jackson-datatype-jdk8-2.10.2.jar:/Users/beita/Desktop/myJava/maven/com/fasterxml/jackson/datatype/jackson-datatype-jsr310/2.10.2/jackson-datatype-jsr310-2.10.2.jar:/Users/beita/Desktop/myJava/maven/com/fasterxml/jackson/module/jackson-module-parameter-names/2.10.2/jackson-module-parameter-names-2.10.2.jar:/Users/beita/Desktop/myJava/maven/org/springframework/boot/spring-boot-starter-tomcat/2.2.5.RELEASE/spring-boot-starter-tomcat-2.2.5.RELEASE.jar:/Users/beita/Desktop/myJava/maven/org/apache/tomcat/embed/tomcat-embed-core/9.0.31/tomcat-embed-core-9.0.31.jar:/Users/beita/Desktop/myJava/maven/org/apache/tomcat/embed/tomcat-embed-el/9.0.31/tomcat-embed-el-9.0.31.jar:/Users/beita/Desktop/myJava/maven/org/apache/tomcat/embed/tomcat-embed-websocket/9.0.31/tomcat-embed-websocket-9.0.31.jar:/Users/beita/Desktop/myJava/maven/org/springframework/boot/spring-boot-starter-validation/2.2.5.RELEASE/spring-boot-starter-validation-2.2.5.RELEASE.jar:/Users/beita/Desktop/myJava/maven/jakarta/validation/jakarta.validation-api/2.0.2/jakarta.validation-api-2.0.2.jar:/Users/beita/Desktop/myJava/maven/org/hibernate/validator/hibernate-validator/6.0.18.Final/hibernate-validator-6.0.18.Final.jar:/Users/beita/Desktop/myJava/maven/org/jboss/logging/jboss-logging/3.4.1.Final/jboss-logging-3.4.1.Final.jar:/Users/beita/Desktop/myJava/maven/com/fasterxml/classmate/1.5.1/classmate-1.5.1.jar:/Users/beita/Desktop/myJava/maven/org/springframework/spring-web/5.2.4.RELEASE/spring-web-5.2.4.RELEASE.jar:/Users/beita/Desktop/myJava/maven/org/springframework/spring-beans/5.2.4.RELEASE/spring-beans-5.2.4.RELEASE.jar:/Users/beita/Desktop/myJava/maven/org/springframework/spring-webmvc/5.2.4.RELEASE/spring-webmvc-5.2.4.RELEASE.jar:/Users/beita/Desktop/myJava/maven/org/springframework/spring-aop/5.2.4.RELEASE/spring-aop-5.2.4.RELEASE.jar:/Users/beita/Desktop/myJava/maven/org/springframework/spring-expression/5.2.4.RELEASE/spring-expression-5.2.4.RELEASE.jar:/Users/beita/Desktop/myJava/maven/org/springframework/boot/spring-boot-starter-thymeleaf/2.2.5.RELEASE/spring-boot-starter-thymeleaf-2.2.5.RELEASE.jar:/Users/beita/Desktop/myJava/maven/org/thymeleaf/thymeleaf-spring5/3.0.11.RELEASE/thymeleaf-spring5-3.0.11.RELEASE.jar:/Users/beita/Desktop/myJava/maven/org/thymeleaf/thymeleaf/3.0.11.RELEASE/thymeleaf-3.0.11.RELEASE.jar:/Users/beita/Desktop/myJava/maven/org/attoparser/attoparser/2.0.5.RELEASE/attoparser-2.0.5.RELEASE.jar:/Users/beita/Desktop/myJava/maven/org/unbescape/unbescape/1.1.6.RELEASE/unbescape-1.1.6.RELEASE.jar:/Users/beita/Desktop/myJava/maven/org/thymeleaf/extras/thymeleaf-extras-java8time/3.0.4.RELEASE/thymeleaf-extras-java8time-3.0.4.RELEASE.jar:/Users/beita/Desktop/myJava/maven/org/springframework/boot/spring-boot-starter-data-elasticsearch/2.2.5.RELEASE/spring-boot-starter-data-elasticsearch-2.2.5.RELEASE.jar:/Users/beita/Desktop/myJava/maven/org/springframework/data/spring-data-elasticsearch/3.2.5.RELEASE/spring-data-elasticsearch-3.2.5.RELEASE.jar:/Users/beita/Desktop/myJava/maven/org/springframework/spring-tx/5.2.4.RELEASE/spring-tx-5.2.4.RELEASE.jar:/Users/beita/Desktop/myJava/maven/org/springframework/data/spring-data-commons/2.2.5.RELEASE/spring-data-commons-2.2.5.RELEASE.jar:/Users/beita/Desktop/myJava/maven/joda-time/joda-time/2.10.5/joda-time-2.10.5.jar:/Users/beita/Desktop/myJava/maven/org/elasticsearch/client/transport/7.6.2/transport-7.6.2.jar:/Users/beita/Desktop/myJava/maven/org/elasticsearch/elasticsearch/7.6.2/elasticsearch-7.6.2.jar:/Users/beita/Desktop/myJava/maven/org/elasticsearch/elasticsearch-core/7.6.2/elasticsearch-core-7.6.2.jar:/Users/beita/Desktop/myJava/maven/org/elasticsearch/elasticsearch-secure-sm/7.6.2/elasticsearch-secure-sm-7.6.2.jar:/Users/beita/Desktop/myJava/maven/org/elasticsearch/elasticsearch-x-content/7.6.2/elasticsearch-x-content-7.6.2.jar:/Users/beita/Desktop/myJava/maven/com/fasterxml/jackson/dataformat/jackson-dataformat-smile/2.10.2/jackson-dataformat-smile-2.10.2.jar:/Users/beita/Desktop/myJava/maven/com/fasterxml/jackson/dataformat/jackson-dataformat-yaml/2.10.2/jackson-dataformat-yaml-2.10.2.jar:/Users/beita/Desktop/myJava/maven/com/fasterxml/jackson/dataformat/jackson-dataformat-cbor/2.10.2/jackson-dataformat-cbor-2.10.2.jar:/Users/beita/Desktop/myJava/maven/org/elasticsearch/elasticsearch-geo/7.6.2/elasticsearch-geo-7.6.2.jar:/Users/beita/Desktop/myJava/maven/org/apache/lucene/lucene-core/8.4.0/lucene-core-8.4.0.jar:/Users/beita/Desktop/myJava/maven/org/apache/lucene/lucene-analyzers-common/8.4.0/lucene-analyzers-common-8.4.0.jar:/Users/beita/Desktop/myJava/maven/org/apache/lucene/lucene-backward-codecs/8.4.0/lucene-backward-codecs-8.4.0.jar:/Users/beita/Desktop/myJava/maven/org/apache/lucene/lucene-grouping/8.4.0/lucene-grouping-8.4.0.jar:/Users/beita/Desktop/myJava/maven/org/apache/lucene/lucene-highlighter/8.4.0/lucene-highlighter-8.4.0.jar:/Users/beita/Desktop/myJava/maven/org/apache/lucene/lucene-join/8.4.0/lucene-join-8.4.0.jar:/Users/beita/Desktop/myJava/maven/org/apache/lucene/lucene-memory/8.4.0/lucene-memory-8.4.0.jar:/Users/beita/Desktop/myJava/maven/org/apache/lucene/lucene-misc/8.4.0/lucene-misc-8.4.0.jar:/Users/beita/Desktop/myJava/maven/org/apache/lucene/lucene-queries/8.4.0/lucene-queries-8.4.0.jar:/Users/beita/Desktop/myJava/maven/org/apache/lucene/lucene-queryparser/8.4.0/lucene-queryparser-8.4.0.jar:/Users/beita/Desktop/myJava/maven/org/apache/lucene/lucene-sandbox/8.4.0/lucene-sandbox-8.4.0.jar:/Users/beita/Desktop/myJava/maven/org/apache/lucene/lucene-spatial/8.4.0/lucene-spatial-8.4.0.jar:/Users/beita/Desktop/myJava/maven/org/apache/lucene/lucene-spatial-extras/8.4.0/lucene-spatial-extras-8.4.0.jar:/Users/beita/Desktop/myJava/maven/org/apache/lucene/lucene-spatial3d/8.4.0/lucene-spatial3d-8.4.0.jar:/Users/beita/Desktop/myJava/maven/org/apache/lucene/lucene-suggest/8.4.0/lucene-suggest-8.4.0.jar:/Users/beita/Desktop/myJava/maven/org/elasticsearch/elasticsearch-cli/7.6.2/elasticsearch-cli-7.6.2.jar:/Users/beita/Desktop/myJava/maven/net/sf/jopt-simple/jopt-simple/5.0.2/jopt-simple-5.0.2.jar:/Users/beita/Desktop/myJava/maven/com/carrotsearch/hppc/0.8.1/hppc-0.8.1.jar:/Users/beita/Desktop/myJava/maven/com/tdunning/t-digest/3.2/t-digest-3.2.jar:/Users/beita/Desktop/myJava/maven/org/hdrhistogram/HdrHistogram/2.1.9/HdrHistogram-2.1.9.jar:/Users/beita/Desktop/myJava/maven/org/elasticsearch/jna/4.5.1/jna-4.5.1.jar:/Users/beita/Desktop/myJava/maven/org/elasticsearch/plugin/reindex-client/7.6.2/reindex-client-7.6.2.jar:/Users/beita/Desktop/myJava/maven/org/elasticsearch/elasticsearch-ssl-config/7.6.2/elasticsearch-ssl-config-7.6.2.jar:/Users/beita/Desktop/myJava/maven/org/elasticsearch/plugin/lang-mustache-client/7.6.2/lang-mustache-client-7.6.2.jar:/Users/beita/Desktop/myJava/maven/com/github/spullara/mustache/java/compiler/0.9.6/compiler-0.9.6.jar:/Users/beita/Desktop/myJava/maven/org/elasticsearch/plugin/percolator-client/7.6.2/percolator-client-7.6.2.jar:/Users/beita/Desktop/myJava/maven/org/elasticsearch/plugin/parent-join-client/7.6.2/parent-join-client-7.6.2.jar:/Users/beita/Desktop/myJava/maven/org/elasticsearch/plugin/rank-eval-client/7.6.2/rank-eval-client-7.6.2.jar:/Users/beita/Desktop/myJava/maven/org/elasticsearch/plugin/transport-netty4-client/7.6.2/transport-netty4-client-7.6.2.jar:/Users/beita/Desktop/myJava/maven/io/netty/netty-buffer/4.1.45.Final/netty-buffer-4.1.45.Final.jar:/Users/beita/Desktop/myJava/maven/io/netty/netty-codec/4.1.45.Final/netty-codec-4.1.45.Final.jar:/Users/beita/Desktop/myJava/maven/io/netty/netty-codec-http/4.1.45.Final/netty-codec-http-4.1.45.Final.jar:/Users/beita/Desktop/myJava/maven/io/netty/netty-common/4.1.45.Final/netty-common-4.1.45.Final.jar:/Users/beita/Desktop/myJava/maven/io/netty/netty-handler/4.1.45.Final/netty-handler-4.1.45.Final.jar:/Users/beita/Desktop/myJava/maven/io/netty/netty-resolver/4.1.45.Final/netty-resolver-4.1.45.Final.jar:/Users/beita/Desktop/myJava/maven/io/netty/netty-transport/4.1.45.Final/netty-transport-4.1.45.Final.jar:/Users/beita/Desktop/myJava/maven/org/elasticsearch/client/elasticsearch-rest-high-level-client/7.6.2/elasticsearch-rest-high-level-client-7.6.2.jar:/Users/beita/Desktop/myJava/maven/org/elasticsearch/client/elasticsearch-rest-client/7.6.2/elasticsearch-rest-client-7.6.2.jar:/Users/beita/Desktop/myJava/maven/org/apache/httpcomponents/httpclient/4.5.11/httpclient-4.5.11.jar:/Users/beita/Desktop/myJava/maven/org/apache/httpcomponents/httpcore/4.4.13/httpcore-4.4.13.jar:/Users/beita/Desktop/myJava/maven/org/apache/httpcomponents/httpasyncclient/4.1.4/httpasyncclient-4.1.4.jar:/Users/beita/Desktop/myJava/maven/org/apache/httpcomponents/httpcore-nio/4.4.13/httpcore-nio-4.4.13.jar:/Users/beita/Desktop/myJava/maven/commons-codec/commons-codec/1.13/commons-codec-1.13.jar:/Users/beita/Desktop/myJava/maven/org/elasticsearch/plugin/mapper-extras-client/7.6.2/mapper-extras-client-7.6.2.jar:/Users/beita/Desktop/myJava/maven/org/elasticsearch/plugin/aggs-matrix-stats-client/7.6.2/aggs-matrix-stats-client-7.6.2.jar:/Users/beita/Desktop/myJava/maven/com/fasterxml/jackson/core/jackson-core/2.10.2/jackson-core-2.10.2.jar:/Users/beita/Desktop/myJava/maven/org/jsoup/jsoup/1.11.3/jsoup-1.11.3.jar:/Users/beita/Desktop/myJava/maven/com/alibaba/fastjson/1.2.60/fastjson-1.2.60.jar:"/>
    <property name="java.vm.vendor" value="Oracle Corporation"/>
    <property name="sun.arch.data.model" value="64"/>
    <property name="java.vendor.url" value="https://java.oracle.com/"/>
    <property name="os.name" value="Mac OS X"/>
    <property name="java.vm.specification.version" value="17"/>
    <property name="sun.java.launcher" value="SUN_STANDARD"/>
    <property name="user.country" value="CA"/>
    <property name="sun.boot.library.path" value="/Library/Java/JavaVirtualMachines/jdk-17.jdk/Contents/Home/lib"/>
    <property name="sun.java.command" value="/Users/beita/Documents/IdeaProjects/SpringBoot/ES-practice/target/surefire/surefirebooter1589133843834066619.jar /Users/beita/Documents/IdeaProjects/SpringBoot/ES-practice/target/surefire 2023-11-28T23-22-00_327-jvmRun1 surefire2482253935736572772tmp surefire_01400815437924009462tmp"/>
    <property name="http.nonProxyHosts" value="local|*.local|169.254/16|*.169.254/16"/>
    <property name="jdk.debug" value="release"/>
    <property name="surefire.test.class.path" value="/Users/beita/Documents/IdeaProjects/SpringBoot/ES-practice/target/test-classes:/Users/beita/Documents/IdeaProjects/SpringBoot/ES-practice/target/classes:/Users/beita/Desktop/myJava/maven/org/springframework/boot/spring-boot-starter/2.2.5.RELEASE/spring-boot-starter-2.2.5.RELEASE.jar:/Users/beita/Desktop/myJava/maven/org/springframework/boot/spring-boot/2.2.5.RELEASE/spring-boot-2.2.5.RELEASE.jar:/Users/beita/Desktop/myJava/maven/org/springframework/spring-context/5.2.4.RELEASE/spring-context-5.2.4.RELEASE.jar:/Users/beita/Desktop/myJava/maven/org/springframework/boot/spring-boot-autoconfigure/2.2.5.RELEASE/spring-boot-autoconfigure-2.2.5.RELEASE.jar:/Users/beita/Desktop/myJava/maven/org/springframework/boot/spring-boot-starter-logging/2.2.5.RELEASE/spring-boot-starter-logging-2.2.5.RELEASE.jar:/Users/beita/Desktop/myJava/maven/ch/qos/logback/logback-classic/1.2.3/logback-classic-1.2.3.jar:/Users/beita/Desktop/myJava/maven/ch/qos/logback/logback-core/1.2.3/logback-core-1.2.3.jar:/Users/beita/Desktop/myJava/maven/org/apache/logging/log4j/log4j-to-slf4j/2.12.1/log4j-to-slf4j-2.12.1.jar:/Users/beita/Desktop/myJava/maven/org/apache/logging/log4j/log4j-api/2.12.1/log4j-api-2.12.1.jar:/Users/beita/Desktop/myJava/maven/org/slf4j/jul-to-slf4j/1.7.30/jul-to-slf4j-1.7.30.jar:/Users/beita/Desktop/myJava/maven/jakarta/annotation/jakarta.annotation-api/1.3.5/jakarta.annotation-api-1.3.5.jar:/Users/beita/Desktop/myJava/maven/org/springframework/spring-core/5.2.4.RELEASE/spring-core-5.2.4.RELEASE.jar:/Users/beita/Desktop/myJava/maven/org/springframework/spring-jcl/5.2.4.RELEASE/spring-jcl-5.2.4.RELEASE.jar:/Users/beita/Desktop/myJava/maven/org/yaml/snakeyaml/1.25/snakeyaml-1.25.jar:/Users/beita/Desktop/myJava/maven/org/springframework/boot/spring-boot-starter-test/2.2.5.RELEASE/spring-boot-starter-test-2.2.5.RELEASE.jar:/Users/beita/Desktop/myJava/maven/org/springframework/boot/spring-boot-test/2.2.5.RELEASE/spring-boot-test-2.2.5.RELEASE.jar:/Users/beita/Desktop/myJava/maven/org/springframework/boot/spring-boot-test-autoconfigure/2.2.5.RELEASE/spring-boot-test-autoconfigure-2.2.5.RELEASE.jar:/Users/beita/Desktop/myJava/maven/com/jayway/jsonpath/json-path/2.4.0/json-path-2.4.0.jar:/Users/beita/Desktop/myJava/maven/net/minidev/json-smart/2.3/json-smart-2.3.jar:/Users/beita/Desktop/myJava/maven/net/minidev/accessors-smart/1.2/accessors-smart-1.2.jar:/Users/beita/Desktop/myJava/maven/org/ow2/asm/asm/5.0.4/asm-5.0.4.jar:/Users/beita/Desktop/myJava/maven/org/slf4j/slf4j-api/1.7.30/slf4j-api-1.7.30.jar:/Users/beita/Desktop/myJava/maven/jakarta/xml/bind/jakarta.xml.bind-api/2.3.2/jakarta.xml.bind-api-2.3.2.jar:/Users/beita/Desktop/myJava/maven/jakarta/activation/jakarta.activation-api/1.2.2/jakarta.activation-api-1.2.2.jar:/Users/beita/Desktop/myJava/maven/org/junit/jupiter/junit-jupiter/5.5.2/junit-jupiter-5.5.2.jar:/Users/beita/Desktop/myJava/maven/org/junit/jupiter/junit-jupiter-api/5.5.2/junit-jupiter-api-5.5.2.jar:/Users/beita/Desktop/myJava/maven/org/opentest4j/opentest4j/1.2.0/opentest4j-1.2.0.jar:/Users/beita/Desktop/myJava/maven/org/junit/platform/junit-platform-commons/1.5.2/junit-platform-commons-1.5.2.jar:/Users/beita/Desktop/myJava/maven/org/junit/jupiter/junit-jupiter-params/5.5.2/junit-jupiter-params-5.5.2.jar:/Users/beita/Desktop/myJava/maven/org/junit/jupiter/junit-jupiter-engine/5.5.2/junit-jupiter-engine-5.5.2.jar:/Users/beita/Desktop/myJava/maven/org/junit/vintage/junit-vintage-engine/5.5.2/junit-vintage-engine-5.5.2.jar:/Users/beita/Desktop/myJava/maven/org/apiguardian/apiguardian-api/1.1.0/apiguardian-api-1.1.0.jar:/Users/beita/Desktop/myJava/maven/org/junit/platform/junit-platform-engine/1.5.2/junit-platform-engine-1.5.2.jar:/Users/beita/Desktop/myJava/maven/junit/junit/4.12/junit-4.12.jar:/Users/beita/Desktop/myJava/maven/org/mockito/mockito-junit-jupiter/3.1.0/mockito-junit-jupiter-3.1.0.jar:/Users/beita/Desktop/myJava/maven/org/assertj/assertj-core/3.13.2/assertj-core-3.13.2.jar:/Users/beita/Desktop/myJava/maven/org/hamcrest/hamcrest/2.1/hamcrest-2.1.jar:/Users/beita/Desktop/myJava/maven/org/mockito/mockito-core/3.1.0/mockito-core-3.1.0.jar:/Users/beita/Desktop/myJava/maven/net/bytebuddy/byte-buddy/1.10.8/byte-buddy-1.10.8.jar:/Users/beita/Desktop/myJava/maven/net/bytebuddy/byte-buddy-agent/1.10.8/byte-buddy-agent-1.10.8.jar:/Users/beita/Desktop/myJava/maven/org/objenesis/objenesis/2.6/objenesis-2.6.jar:/Users/beita/Desktop/myJava/maven/org/skyscreamer/jsonassert/1.5.0/jsonassert-1.5.0.jar:/Users/beita/Desktop/myJava/maven/com/vaadin/external/google/android-json/0.0.20131108.vaadin1/android-json-0.0.20131108.vaadin1.jar:/Users/beita/Desktop/myJava/maven/org/springframework/spring-test/5.2.4.RELEASE/spring-test-5.2.4.RELEASE.jar:/Users/beita/Desktop/myJava/maven/org/xmlunit/xmlunit-core/2.6.3/xmlunit-core-2.6.3.jar:/Users/beita/Desktop/myJava/maven/org/springframework/boot/spring-boot-starter-web/2.2.5.RELEASE/spring-boot-starter-web-2.2.5.RELEASE.jar:/Users/beita/Desktop/myJava/maven/org/springframework/boot/spring-boot-starter-json/2.2.5.RELEASE/spring-boot-starter-json-2.2.5.RELEASE.jar:/Users/beita/Desktop/myJava/maven/com/fasterxml/jackson/core/jackson-databind/2.10.2/jackson-databind-2.10.2.jar:/Users/beita/Desktop/myJava/maven/com/fasterxml/jackson/core/jackson-annotations/2.10.2/jackson-annotations-2.10.2.jar:/Users/beita/Desktop/myJava/maven/com/fasterxml/jackson/datatype/jackson-datatype-jdk8/2.10.2/jackson-datatype-jdk8-2.10.2.jar:/Users/beita/Desktop/myJava/maven/com/fasterxml/jackson/datatype/jackson-datatype-jsr310/2.10.2/jackson-datatype-jsr310-2.10.2.jar:/Users/beita/Desktop/myJava/maven/com/fasterxml/jackson/module/jackson-module-parameter-names/2.10.2/jackson-module-parameter-names-2.10.2.jar:/Users/beita/Desktop/myJava/maven/org/springframework/boot/spring-boot-starter-tomcat/2.2.5.RELEASE/spring-boot-starter-tomcat-2.2.5.RELEASE.jar:/Users/beita/Desktop/myJava/maven/org/apache/tomcat/embed/tomcat-embed-core/9.0.31/tomcat-embed-core-9.0.31.jar:/Users/beita/Desktop/myJava/maven/org/apache/tomcat/embed/tomcat-embed-el/9.0.31/tomcat-embed-el-9.0.31.jar:/Users/beita/Desktop/myJava/maven/org/apache/tomcat/embed/tomcat-embed-websocket/9.0.31/tomcat-embed-websocket-9.0.31.jar:/Users/beita/Desktop/myJava/maven/org/springframework/boot/spring-boot-starter-validation/2.2.5.RELEASE/spring-boot-starter-validation-2.2.5.RELEASE.jar:/Users/beita/Desktop/myJava/maven/jakarta/validation/jakarta.validation-api/2.0.2/jakarta.validation-api-2.0.2.jar:/Users/beita/Desktop/myJava/maven/org/hibernate/validator/hibernate-validator/6.0.18.Final/hibernate-validator-6.0.18.Final.jar:/Users/beita/Desktop/myJava/maven/org/jboss/logging/jboss-logging/3.4.1.Final/jboss-logging-3.4.1.Final.jar:/Users/beita/Desktop/myJava/maven/com/fasterxml/classmate/1.5.1/classmate-1.5.1.jar:/Users/beita/Desktop/myJava/maven/org/springframework/spring-web/5.2.4.RELEASE/spring-web-5.2.4.RELEASE.jar:/Users/beita/Desktop/myJava/maven/org/springframework/spring-beans/5.2.4.RELEASE/spring-beans-5.2.4.RELEASE.jar:/Users/beita/Desktop/myJava/maven/org/springframework/spring-webmvc/5.2.4.RELEASE/spring-webmvc-5.2.4.RELEASE.jar:/Users/beita/Desktop/myJava/maven/org/springframework/spring-aop/5.2.4.RELEASE/spring-aop-5.2.4.RELEASE.jar:/Users/beita/Desktop/myJava/maven/org/springframework/spring-expression/5.2.4.RELEASE/spring-expression-5.2.4.RELEASE.jar:/Users/beita/Desktop/myJava/maven/org/springframework/boot/spring-boot-starter-thymeleaf/2.2.5.RELEASE/spring-boot-starter-thymeleaf-2.2.5.RELEASE.jar:/Users/beita/Desktop/myJava/maven/org/thymeleaf/thymeleaf-spring5/3.0.11.RELEASE/thymeleaf-spring5-3.0.11.RELEASE.jar:/Users/beita/Desktop/myJava/maven/org/thymeleaf/thymeleaf/3.0.11.RELEASE/thymeleaf-3.0.11.RELEASE.jar:/Users/beita/Desktop/myJava/maven/org/attoparser/attoparser/2.0.5.RELEASE/attoparser-2.0.5.RELEASE.jar:/Users/beita/Desktop/myJava/maven/org/unbescape/unbescape/1.1.6.RELEASE/unbescape-1.1.6.RELEASE.jar:/Users/beita/Desktop/myJava/maven/org/thymeleaf/extras/thymeleaf-extras-java8time/3.0.4.RELEASE/thymeleaf-extras-java8time-3.0.4.RELEASE.jar:/Users/beita/Desktop/myJava/maven/org/springframework/boot/spring-boot-starter-data-elasticsearch/2.2.5.RELEASE/spring-boot-starter-data-elasticsearch-2.2.5.RELEASE.jar:/Users/beita/Desktop/myJava/maven/org/springframework/data/spring-data-elasticsearch/3.2.5.RELEASE/spring-data-elasticsearch-3.2.5.RELEASE.jar:/Users/beita/Desktop/myJava/maven/org/springframework/spring-tx/5.2.4.RELEASE/spring-tx-5.2.4.RELEASE.jar:/Users/beita/Desktop/myJava/maven/org/springframework/data/spring-data-commons/2.2.5.RELEASE/spring-data-commons-2.2.5.RELEASE.jar:/Users/beita/Desktop/myJava/maven/joda-time/joda-time/2.10.5/joda-time-2.10.5.jar:/Users/beita/Desktop/myJava/maven/org/elasticsearch/client/transport/7.6.2/transport-7.6.2.jar:/Users/beita/Desktop/myJava/maven/org/elasticsearch/elasticsearch/7.6.2/elasticsearch-7.6.2.jar:/Users/beita/Desktop/myJava/maven/org/elasticsearch/elasticsearch-core/7.6.2/elasticsearch-core-7.6.2.jar:/Users/beita/Desktop/myJava/maven/org/elasticsearch/elasticsearch-secure-sm/7.6.2/elasticsearch-secure-sm-7.6.2.jar:/Users/beita/Desktop/myJava/maven/org/elasticsearch/elasticsearch-x-content/7.6.2/elasticsearch-x-content-7.6.2.jar:/Users/beita/Desktop/myJava/maven/com/fasterxml/jackson/dataformat/jackson-dataformat-smile/2.10.2/jackson-dataformat-smile-2.10.2.jar:/Users/beita/Desktop/myJava/maven/com/fasterxml/jackson/dataformat/jackson-dataformat-yaml/2.10.2/jackson-dataformat-yaml-2.10.2.jar:/Users/beita/Desktop/myJava/maven/com/fasterxml/jackson/dataformat/jackson-dataformat-cbor/2.10.2/jackson-dataformat-cbor-2.10.2.jar:/Users/beita/Desktop/myJava/maven/org/elasticsearch/elasticsearch-geo/7.6.2/elasticsearch-geo-7.6.2.jar:/Users/beita/Desktop/myJava/maven/org/apache/lucene/lucene-core/8.4.0/lucene-core-8.4.0.jar:/Users/beita/Desktop/myJava/maven/org/apache/lucene/lucene-analyzers-common/8.4.0/lucene-analyzers-common-8.4.0.jar:/Users/beita/Desktop/myJava/maven/org/apache/lucene/lucene-backward-codecs/8.4.0/lucene-backward-codecs-8.4.0.jar:/Users/beita/Desktop/myJava/maven/org/apache/lucene/lucene-grouping/8.4.0/lucene-grouping-8.4.0.jar:/Users/beita/Desktop/myJava/maven/org/apache/lucene/lucene-highlighter/8.4.0/lucene-highlighter-8.4.0.jar:/Users/beita/Desktop/myJava/maven/org/apache/lucene/lucene-join/8.4.0/lucene-join-8.4.0.jar:/Users/beita/Desktop/myJava/maven/org/apache/lucene/lucene-memory/8.4.0/lucene-memory-8.4.0.jar:/Users/beita/Desktop/myJava/maven/org/apache/lucene/lucene-misc/8.4.0/lucene-misc-8.4.0.jar:/Users/beita/Desktop/myJava/maven/org/apache/lucene/lucene-queries/8.4.0/lucene-queries-8.4.0.jar:/Users/beita/Desktop/myJava/maven/org/apache/lucene/lucene-queryparser/8.4.0/lucene-queryparser-8.4.0.jar:/Users/beita/Desktop/myJava/maven/org/apache/lucene/lucene-sandbox/8.4.0/lucene-sandbox-8.4.0.jar:/Users/beita/Desktop/myJava/maven/org/apache/lucene/lucene-spatial/8.4.0/lucene-spatial-8.4.0.jar:/Users/beita/Desktop/myJava/maven/org/apache/lucene/lucene-spatial-extras/8.4.0/lucene-spatial-extras-8.4.0.jar:/Users/beita/Desktop/myJava/maven/org/apache/lucene/lucene-spatial3d/8.4.0/lucene-spatial3d-8.4.0.jar:/Users/beita/Desktop/myJava/maven/org/apache/lucene/lucene-suggest/8.4.0/lucene-suggest-8.4.0.jar:/Users/beita/Desktop/myJava/maven/org/elasticsearch/elasticsearch-cli/7.6.2/elasticsearch-cli-7.6.2.jar:/Users/beita/Desktop/myJava/maven/net/sf/jopt-simple/jopt-simple/5.0.2/jopt-simple-5.0.2.jar:/Users/beita/Desktop/myJava/maven/com/carrotsearch/hppc/0.8.1/hppc-0.8.1.jar:/Users/beita/Desktop/myJava/maven/com/tdunning/t-digest/3.2/t-digest-3.2.jar:/Users/beita/Desktop/myJava/maven/org/hdrhistogram/HdrHistogram/2.1.9/HdrHistogram-2.1.9.jar:/Users/beita/Desktop/myJava/maven/org/elasticsearch/jna/4.5.1/jna-4.5.1.jar:/Users/beita/Desktop/myJava/maven/org/elasticsearch/plugin/reindex-client/7.6.2/reindex-client-7.6.2.jar:/Users/beita/Desktop/myJava/maven/org/elasticsearch/elasticsearch-ssl-config/7.6.2/elasticsearch-ssl-config-7.6.2.jar:/Users/beita/Desktop/myJava/maven/org/elasticsearch/plugin/lang-mustache-client/7.6.2/lang-mustache-client-7.6.2.jar:/Users/beita/Desktop/myJava/maven/com/github/spullara/mustache/java/compiler/0.9.6/compiler-0.9.6.jar:/Users/beita/Desktop/myJava/maven/org/elasticsearch/plugin/percolator-client/7.6.2/percolator-client-7.6.2.jar:/Users/beita/Desktop/myJava/maven/org/elasticsearch/plugin/parent-join-client/7.6.2/parent-join-client-7.6.2.jar:/Users/beita/Desktop/myJava/maven/org/elasticsearch/plugin/rank-eval-client/7.6.2/rank-eval-client-7.6.2.jar:/Users/beita/Desktop/myJava/maven/org/elasticsearch/plugin/transport-netty4-client/7.6.2/transport-netty4-client-7.6.2.jar:/Users/beita/Desktop/myJava/maven/io/netty/netty-buffer/4.1.45.Final/netty-buffer-4.1.45.Final.jar:/Users/beita/Desktop/myJava/maven/io/netty/netty-codec/4.1.45.Final/netty-codec-4.1.45.Final.jar:/Users/beita/Desktop/myJava/maven/io/netty/netty-codec-http/4.1.45.Final/netty-codec-http-4.1.45.Final.jar:/Users/beita/Desktop/myJava/maven/io/netty/netty-common/4.1.45.Final/netty-common-4.1.45.Final.jar:/Users/beita/Desktop/myJava/maven/io/netty/netty-handler/4.1.45.Final/netty-handler-4.1.45.Final.jar:/Users/beita/Desktop/myJava/maven/io/netty/netty-resolver/4.1.45.Final/netty-resolver-4.1.45.Final.jar:/Users/beita/Desktop/myJava/maven/io/netty/netty-transport/4.1.45.Final/netty-transport-4.1.45.Final.jar:/Users/beita/Desktop/myJava/maven/org/elasticsearch/client/elasticsearch-rest-high-level-client/7.6.2/elasticsearch-rest-high-level-client-7.6.2.jar:/Users/beita/Desktop/myJava/maven/org/elasticsearch/client/elasticsearch-rest-client/7.6.2/elasticsearch-rest-client-7.6.2.jar:/Users/beita/Desktop/myJava/maven/org/apache/httpcomponents/httpclient/4.5.11/httpclient-4.5.11.jar:/Users/beita/Desktop/myJava/maven/org/apache/httpcomponents/httpcore/4.4.13/httpcore-4.4.13.jar:/Users/beita/Desktop/myJava/maven/org/apache/httpcomponents/httpasyncclient/4.1.4/httpasyncclient-4.1.4.jar:/Users/beita/Desktop/myJava/maven/org/apache/httpcomponents/httpcore-nio/4.4.13/httpcore-nio-4.4.13.jar:/Users/beita/Desktop/myJava/maven/commons-codec/commons-codec/1.13/commons-codec-1.13.jar:/Users/beita/Desktop/myJava/maven/org/elasticsearch/plugin/mapper-extras-client/7.6.2/mapper-extras-client-7.6.2.jar:/Users/beita/Desktop/myJava/maven/org/elasticsearch/plugin/aggs-matrix-stats-client/7.6.2/aggs-matrix-stats-client-7.6.2.jar:/Users/beita/Desktop/myJava/maven/com/fasterxml/jackson/core/jackson-core/2.10.2/jackson-core-2.10.2.jar:/Users/beita/Desktop/myJava/maven/org/jsoup/jsoup/1.11.3/jsoup-1.11.3.jar:/Users/beita/Desktop/myJava/maven/com/alibaba/fastjson/1.2.60/fastjson-1.2.60.jar:"/>
    <property name="sun.cpu.endian" value="little"/>
    <property name="user.home" value="/Users/beita"/>
    <property name="user.language" value="en"/>
    <property name="java.specification.vendor" value="Oracle Corporation"/>
    <property name="java.version.date" value="2023-07-18"/>
    <property name="java.home" value="/Library/Java/JavaVirtualMachines/jdk-17.jdk/Contents/Home"/>
    <property name="file.separator" value="/"/>
    <property name="basedir" value="/Users/beita/Documents/IdeaProjects/SpringBoot/ES-practice"/>
    <property name="java.vm.compressedOopsMode" value="Zero based"/>
    <property name="line.separator" value="&#10;"/>
    <property name="java.specification.name" value="Java Platform API Specification"/>
    <property name="java.vm.specification.vendor" value="Oracle Corporation"/>
    <property name="surefire.real.class.path" value="/Users/beita/Documents/IdeaProjects/SpringBoot/ES-practice/target/surefire/surefirebooter1589133843834066619.jar"/>
    <property name="sun.management.compiler" value="HotSpot 64-Bit Tiered Compilers"/>
    <property name="ftp.nonProxyHosts" value="local|*.local|169.254/16|*.169.254/16"/>
    <property name="java.runtime.version" value="17.0.8+9-LTS-211"/>
    <property name="user.name" value="beita"/>
    <property name="path.separator" value=":"/>
    <property name="os.version" value="14.1.1"/>
    <property name="java.runtime.name" value="Java(TM) SE Runtime Environment"/>
    <property name="file.encoding" value="UTF-8"/>
    <property name="java.vm.name" value="Java HotSpot(TM) 64-Bit Server VM"/>
    <property name="localRepository" value="/Users/beita/Desktop/myJava/maven"/>
    <property name="java.vendor.url.bug" value="https://bugreport.java.com/bugreport/"/>
    <property name="java.io.tmpdir" value="/var/folders/rw/syc1wm9j6z743s67thbh69f40000gn/T/"/>
    <property name="java.version" value="17.0.8"/>
    <property name="user.dir" value="/Users/beita/Documents/IdeaProjects/SpringBoot/ES-practice"/>
    <property name="os.arch" value="aarch64"/>
    <property name="java.vm.specification.name" value="Java Virtual Machine Specification"/>
    <property name="native.encoding" value="UTF-8"/>
    <property name="java.library.path" value="/Users/beita/Library/Java/Extensions:/Library/Java/Extensions:/Network/Library/Java/Extensions:/System/Library/Java/Extensions:/usr/lib/java:."/>
    <property name="java.vm.info" value="mixed mode, sharing"/>
    <property name="java.vendor" value="Oracle Corporation"/>
    <property name="java.vm.version" value="17.0.8+9-LTS-211"/>
    <property name="sun.io.unicode.encoding" value="UnicodeBig"/>
    <property name="socksNonProxyHosts" value="local|*.local|169.254/16|*.169.254/16"/>
    <property name="java.class.version" value="61.0"/>
  </properties>
  <testcase name="test" classname="arki.springboot.elasticsearch.espractice.EsPracticeApplicationTests" time="0.092"/>
  <testcase name="contextLoads" classname="arki.springboot.elasticsearch.espractice.EsPracticeApplicationTests" time="0.001"/>
</testsuite>